# JRE version: OpenJDK Runtime Environment Temurin-17.0.11+9 (17.0.11+9) (build 17.0.11+9)
# Java VM: OpenJDK 64-Bit Server VM Temurin-17.0.11+9 (17.0.11+9, mixed mode, emulated-client, tiered, compressed oops, compressed class ptrs, g1 gc, windows-amd64)
GC Precious Log:
 CPUs: 12 total, 12 available
 Memory: 7502M
 Large Page Support: Disabled
 NUMA Support: Disabled
 Compressed Oops: Enabled (32-bit)
 Heap Region Size: 1M
 Heap Min Capacity: 8M
 Heap Initial Capacity: 118M
 Heap Max Capacity: 1G
 Pre-touch: Disabled
 Parallel Workers: 10
 Concurrent Workers: 3
 Concurrent Refinement Workers: 10
 Periodic GC: Disabled
Heap:
 garbage-first heap   total 94208K, used 35939K [0x00000000c0000000, 0x0000000100000000)
  region size 1024K, 1 young (1024K), 0 survivors (0K)
 Metaspace       used 58960K, committed 59392K, reserved 1114112K
  class space    used 7346K, committed 7552K, reserved 1048576K
GC Heap History (20 events):
Event: 3256.319 GC heap before
{Heap before GC invocations=310 (full 294):
 garbage-first heap   total 94208K, used 35939K [0x00000000c0000000, 0x0000000100000000)
  region size 1024K, 1 young (1024K), 0 survivors (0K)
 Metaspace       used 58960K, committed 59392K, reserved 1114112K
  class space    used 7346K, committed 7552K, reserved 1048576K
}
Event: 3256.369 GC heap after
{Heap after GC invocations=311 (full 295):
 garbage-first heap   total 94208K, used 35939K [0x00000000c0000000, 0x0000000100000000)
  region size 1024K, 0 young (0K), 0 survivors (0K)
 Metaspace       used 58960K, committed 59392K, reserved 1114112K
  class space    used 7346K, committed 7552K, reserved 1048576K
}
Event: 3266.633 GC heap before
{Heap before GC invocations=311 (full 295):
 garbage-first heap   total 94208K, used 35939K [0x00000000c0000000, 0x0000000100000000)
  region size 1024K, 1 young (1024K), 0 survivors (0K)
 Metaspace       used 58960K, committed 59392K, reserved 1114112K
  class space    used 7346K, committed 7552K, reserved 1048576K
}
Event: 3266.687 GC heap after
{Heap after GC invocations=312 (full 296):
 garbage-first heap   total 94208K, used 35939K [0x00000000c0000000, 0x0000000100000000)
  region size 1024K, 0 young (0K), 0 survivors (0K)
 Metaspace       used 58960K, committed 59392K, reserved 1114112K
  class space    used 7346K, committed 7552K, reserved 1048576K
}
Event: 3276.936 GC heap before
{Heap before GC invocations=312 (full 296):
 garbage-first heap   total 94208K, used 35939K [0x00000000c0000000, 0x0000000100000000)
  region size 1024K, 1 young (1024K), 0 survivors (0K)
 Metaspace       used 58960K, committed 59392K, reserved 1114112K
  class space    used 7346K, committed 7552K, reserved 1048576K
}
Event: 3276.994 GC heap after
{Heap after GC invocations=313 (full 297):
 garbage-first heap   total 94208K, used 35939K [0x00000000c0000000, 0x0000000100000000)
  region size 1024K, 0 young (0K), 0 survivors (0K)
 Metaspace       used 58960K, committed 59392K, reserved 1114112K
  class space    used 7346K, committed 7552K, reserved 1048576K
}
Event: 3287.269 GC heap before
{Heap before GC invocations=313 (full 297):
 garbage-first heap   total 94208K, used 35939K [0x00000000c0000000, 0x0000000100000000)
  region size 1024K, 1 young (1024K), 0 survivors (0K)
 Metaspace       used 58960K, committed 59392K, reserved 1114112K
  class space    used 7346K, committed 7552K, reserved 1048576K
}
Event: 3287.341 GC heap after
{Heap after GC invocations=314 (full 298):
 garbage-first heap   total 94208K, used 35939K [0x00000000c0000000, 0x0000000100000000)
  region size 1024K, 0 young (0K), 0 survivors (0K)
 Metaspace       used 58960K, committed 59392K, reserved 1114112K
  class space    used 7346K, committed 7552K, reserved 1048576K
}
Event: 3297.607 GC heap before
{Heap before GC invocations=314 (full 298):
 garbage-first heap   total 94208K, used 35939K [0x00000000c0000000, 0x0000000100000000)
  region size 1024K, 1 young (1024K), 0 survivors (0K)
 Metaspace       used 58960K, committed 59392K, reserved 1114112K
  class space    used 7346K, committed 7552K, reserved 1048576K
}
Event: 3297.658 GC heap after
{Heap after GC invocations=315 (full 299):
 garbage-first heap   total 94208K, used 35939K [0x00000000c0000000, 0x0000000100000000)
  region size 1024K, 0 young (0K), 0 survivors (0K)
 Metaspace       used 58960K, committed 59392K, reserved 1114112K
  class space    used 7346K, committed 7552K, reserved 1048576K
}
Event: 3307.923 GC heap before
{Heap before GC invocations=315 (full 299):
 garbage-first heap   total 94208K, used 35939K [0x00000000c0000000, 0x0000000100000000)
  region size 1024K, 1 young (1024K), 0 survivors (0K)
 Metaspace       used 58960K, committed 59392K, reserved 1114112K
  class space    used 7346K, committed 7552K, reserved 1048576K
}
Event: 3307.983 GC heap after
{Heap after GC invocations=316 (full 300):
 garbage-first heap   total 94208K, used 35939K [0x00000000c0000000, 0x0000000100000000)
  region size 1024K, 0 young (0K), 0 survivors (0K)
 Metaspace       used 58960K, committed 59392K, reserved 1114112K
  class space    used 7346K, committed 7552K, reserved 1048576K
}
Event: 3318.239 GC heap before
{Heap before GC invocations=316 (full 300):
 garbage-first heap   total 94208K, used 35939K [0x00000000c0000000, 0x0000000100000000)
  region size 1024K, 1 young (1024K), 0 survivors (0K)
 Metaspace       used 58960K, committed 59392K, reserved 1114112K
  class space    used 7346K, committed 7552K, reserved 1048576K
}
Event: 3318.307 GC heap after
{Heap after GC invocations=317 (full 301):
 garbage-first heap   total 94208K, used 35939K [0x00000000c0000000, 0x0000000100000000)
  region size 1024K, 0 young (0K), 0 survivors (0K)
 Metaspace       used 58960K, committed 59392K, reserved 1114112K
  class space    used 7346K, committed 7552K, reserved 1048576K
}
Event: 3328.557 GC heap before
{Heap before GC invocations=317 (full 301):
 garbage-first heap   total 94208K, used 35939K [0x00000000c0000000, 0x0000000100000000)
  region size 1024K, 1 young (1024K), 0 survivors (0K)
 Metaspace       used 58960K, committed 59392K, reserved 1114112K
  class space    used 7346K, committed 7552K, reserved 1048576K
}
Event: 3328.610 GC heap after
{Heap after GC invocations=318 (full 302):
 garbage-first heap   total 94208K, used 35939K [0x00000000c0000000, 0x0000000100000000)
  region size 1024K, 0 young (0K), 0 survivors (0K)
 Metaspace       used 58960K, committed 59392K, reserved 1114112K
  class space    used 7346K, committed 7552K, reserved 1048576K
}
Event: 3338.858 GC heap before
{Heap before GC invocations=318 (full 302):
 garbage-first heap   total 94208K, used 35939K [0x00000000c0000000, 0x0000000100000000)
  region size 1024K, 1 young (1024K), 0 survivors (0K)
 Metaspace       used 58960K, committed 59392K, reserved 1114112K
  class space    used 7346K, committed 7552K, reserved 1048576K
}
Event: 3338.925 GC heap after
{Heap after GC invocations=319 (full 303):
 garbage-first heap   total 94208K, used 35939K [0x00000000c0000000, 0x0000000100000000)
  region size 1024K, 0 young (0K), 0 survivors (0K)
 Metaspace       used 58960K, committed 59392K, reserved 1114112K
  class space    used 7346K, committed 7552K, reserved 1048576K
}
Event: 3349.184 GC heap before
{Heap before GC invocations=319 (full 303):
 garbage-first heap   total 94208K, used 35939K [0x00000000c0000000, 0x0000000100000000)
  region size 1024K, 1 young (1024K), 0 survivors (0K)
 Metaspace       used 58960K, committed 59392K, reserved 1114112K
  class space    used 7346K, committed 7552K, reserved 1048576K
}
Event: 3349.239 GC heap after
{Heap after GC invocations=320 (full 304):
 garbage-first heap   total 94208K, used 35939K [0x00000000c0000000, 0x0000000100000000)
  region size 1024K, 0 young (0K), 0 survivors (0K)
 Metaspace       used 58960K, committed 59392K, reserved 1114112K
  class space    used 7346K, committed 7552K, reserved 1048576K
}

